2026-05-13 00:15:52,485 [INFO] httpx: HTTP Request: POST https://api.telegram.org/bot7950077447:AAFXIhDTx4IrlvgKxl5BTXR-GKSYyyt9sfw/getMe "HTTP/1.1 200 OK"
2026-05-13 00:15:52,925 [INFO] httpx: HTTP Request: POST https://api.telegram.org/bot7950077447:AAFXIhDTx4IrlvgKxl5BTXR-GKSYyyt9sfw/deleteWebhook "HTTP/1.1 200 OK"
2026-05-13 00:15:52,928 [INFO] telegram.ext.Application: Application started
2026-05-13 00:16:49,866 [ERROR] telegram.ext.Application: No error handlers are registered, logging exception.
Traceback (most recent call last):
  File "/Users/ekanshbabbar/Documents/Agents/BOM/venv/lib/python3.12/site-packages/httpx/_transports/default.py", line 101, in map_httpcore_exceptions
    yield
  File "/Users/ekanshbabbar/Documents/Agents/BOM/venv/lib/python3.12/site-packages/httpx/_transports/default.py", line 394, in handle_async_request
    resp = await self._pool.handle_async_request(req)
           ^^^^^^^^^^^^^^^^^^^^^^^^^^^^^^^^^^^^^^^^^^
  File "/Users/ekanshbabbar/Documents/Agents/BOM/venv/lib/python3.12/site-packages/httpcore/_async/connection_pool.py", line 256, in handle_async_request
    raise exc from None
  File "/Users/ekanshbabbar/Documents/Agents/BOM/venv/lib/python3.12/site-packages/httpcore/_async/connection_pool.py", line 236, in handle_async_request
    response = await connection.handle_async_request(
               ^^^^^^^^^^^^^^^^^^^^^^^^^^^^^^^^^^^^^^
  File "/Users/ekanshbabbar/Documents/Agents/BOM/venv/lib/python3.12/site-packages/httpcore/_async/connection.py", line 101, in handle_async_request
    raise exc
  File "/Users/ekanshbabbar/Documents/Agents/BOM/venv/lib/python3.12/site-packages/httpcore/_async/connection.py", line 78, in handle_async_request
    stream = await self._connect(request)
             ^^^^^^^^^^^^^^^^^^^^^^^^^^^^
  File "/Users/ekanshbabbar/Documents/Agents/BOM/venv/lib/python3.12/site-packages/httpcore/_async/connection.py", line 156, in _connect
    stream = await stream.start_tls(**kwargs)
             ^^^^^^^^^^^^^^^^^^^^^^^^^^^^^^^^
  File "/Users/ekanshbabbar/Documents/Agents/BOM/venv/lib/python3.12/site-packages/httpcore/_backends/anyio.py", line 67, in start_tls
    with map_exceptions(exc_map):
         ^^^^^^^^^^^^^^^^^^^^^^^
  File "/opt/homebrew/Cellar/python@3.12/3.12.13_2/Frameworks/Python.framework/Versions/3.12/lib/python3.12/contextlib.py", line 158, in __exit__
    self.gen.throw(value)
  File "/Users/ekanshbabbar/Documents/Agents/BOM/venv/lib/python3.12/site-packages/httpcore/_exceptions.py", line 14, in map_exceptions
    raise to_exc(exc) from exc
httpcore.ConnectError

The above exception was the direct cause of the following exception:

Traceback (most recent call last):
  File "/Users/ekanshbabbar/Documents/Agents/BOM/venv/lib/python3.12/site-packages/telegram/request/_httpxrequest.py", line 279, in do_request
    res = await self._client.request(
          ^^^^^^^^^^^^^^^^^^^^^^^^^^^
  File "/Users/ekanshbabbar/Documents/Agents/BOM/venv/lib/python3.12/site-packages/httpx/_client.py", line 1540, in request
    return await self.send(request, auth=auth, follow_redirects=follow_redirects)
           ^^^^^^^^^^^^^^^^^^^^^^^^^^^^^^^^^^^^^^^^^^^^^^^^^^^^^^^^^^^^^^^^^^^^^^
  File "/Users/ekanshbabbar/Documents/Agents/BOM/venv/lib/python3.12/site-packages/httpx/_client.py", line 1629, in send
    response = await self._send_handling_auth(
               ^^^^^^^^^^^^^^^^^^^^^^^^^^^^^^^
  File "/Users/ekanshbabbar/Documents/Agents/BOM/venv/lib/python3.12/site-packages/httpx/_client.py", line 1657, in _send_handling_auth
    response = await self._send_handling_redirects(
               ^^^^^^^^^^^^^^^^^^^^^^^^^^^^^^^^^^^^
  File "/Users/ekanshbabbar/Documents/Agents/BOM/venv/lib/python3.12/site-packages/httpx/_client.py", line 1694, in _send_handling_redirects
    response = await self._send_single_request(request)
               ^^^^^^^^^^^^^^^^^^^^^^^^^^^^^^^^^^^^^^^^
  File "/Users/ekanshbabbar/Documents/Agents/BOM/venv/lib/python3.12/site-packages/httpx/_client.py", line 1730, in _send_single_request
    response = await transport.handle_async_request(request)
               ^^^^^^^^^^^^^^^^^^^^^^^^^^^^^^^^^^^^^^^^^^^^^
  File "/Users/ekanshbabbar/Documents/Agents/BOM/venv/lib/python3.12/site-packages/httpx/_transports/default.py", line 393, in handle_async_request
    with map_httpcore_exceptions():
         ^^^^^^^^^^^^^^^^^^^^^^^^^
  File "/opt/homebrew/Cellar/python@3.12/3.12.13_2/Frameworks/Python.framework/Versions/3.12/lib/python3.12/contextlib.py", line 158, in __exit__
    self.gen.throw(value)
  File "/Users/ekanshbabbar/Documents/Agents/BOM/venv/lib/python3.12/site-packages/httpx/_transports/default.py", line 118, in map_httpcore_exceptions
    raise mapped_exc(message) from exc
httpx.ConnectError

The above exception was the direct cause of the following exception:

Traceback (most recent call last):
  File "/Users/ekanshbabbar/Documents/Agents/BOM/venv/lib/python3.12/site-packages/telegram/ext/_utils/networkloop.py", line 161, in network_retry_loop
    await do_action()
  File "/Users/ekanshbabbar/Documents/Agents/BOM/venv/lib/python3.12/site-packages/telegram/ext/_utils/networkloop.py", line 154, in do_action
    action_cb_task.result()
  File "/Users/ekanshbabbar/Documents/Agents/BOM/venv/lib/python3.12/site-packages/telegram/ext/_updater.py", line 340, in polling_action_cb
    updates = await self.bot.get_updates(
              ^^^^^^^^^^^^^^^^^^^^^^^^^^^
  File "/Users/ekanshbabbar/Documents/Agents/BOM/venv/lib/python3.12/site-packages/telegram/ext/_extbot.py", line 672, in get_updates
    updates = await super().get_updates(
              ^^^^^^^^^^^^^^^^^^^^^^^^^^
  File "/Users/ekanshbabbar/Documents/Agents/BOM/venv/lib/python3.12/site-packages/telegram/_bot.py", line 4865, in get_updates
    await self._post(
  File "/Users/ekanshbabbar/Documents/Agents/BOM/venv/lib/python3.12/site-packages/telegram/_bot.py", line 704, in _post
    return await self._do_post(
           ^^^^^^^^^^^^^^^^^^^^
  File "/Users/ekanshbabbar/Documents/Agents/BOM/venv/lib/python3.12/site-packages/telegram/ext/_extbot.py", line 370, in _do_post
    return await super()._do_post(
           ^^^^^^^^^^^^^^^^^^^^^^^
  File "/Users/ekanshbabbar/Documents/Agents/BOM/venv/lib/python3.12/site-packages/telegram/_bot.py", line 733, in _do_post
    result = await request.post(
             ^^^^^^^^^^^^^^^^^^^
  File "/Users/ekanshbabbar/Documents/Agents/BOM/venv/lib/python3.12/site-packages/telegram/request/_baserequest.py", line 198, in post
    result = await self._request_wrapper(
             ^^^^^^^^^^^^^^^^^^^^^^^^^^^^
  File "/Users/ekanshbabbar/Documents/Agents/BOM/venv/lib/python3.12/site-packages/telegram/request/_baserequest.py", line 305, in _request_wrapper
    code, payload = await self.do_request(
                    ^^^^^^^^^^^^^^^^^^^^^^
  File "/Users/ekanshbabbar/Documents/Agents/BOM/venv/lib/python3.12/site-packages/telegram/request/_httpxrequest.py", line 303, in do_request
    raise NetworkError(f"httpx.{err.__class__.__name__}: {err}") from err
telegram.error.NetworkError: httpx.ConnectError: 
2026-05-13 00:17:47,295 [INFO] httpx: HTTP Request: POST https://api.telegram.org/bot7950077447:AAFXIhDTx4IrlvgKxl5BTXR-GKSYyyt9sfw/getUpdates "HTTP/1.1 200 OK"
2026-05-13 00:17:48,912 [INFO] httpx: HTTP Request: POST https://api.telegram.org/bot7950077447:AAFXIhDTx4IrlvgKxl5BTXR-GKSYyyt9sfw/sendMessage "HTTP/1.1 200 OK"
2026-05-13 00:17:49,664 [INFO] httpx: HTTP Request: POST https://api.telegram.org/bot7950077447:AAFXIhDTx4IrlvgKxl5BTXR-GKSYyyt9sfw/sendMessage "HTTP/1.1 200 OK"
2026-05-13 00:17:50,316 [INFO] httpx: HTTP Request: POST https://api.telegram.org/bot7950077447:AAFXIhDTx4IrlvgKxl5BTXR-GKSYyyt9sfw/sendMessage "HTTP/1.1 200 OK"
2026-05-13 00:17:50,906 [INFO] httpx: HTTP Request: POST https://api.telegram.org/bot7950077447:AAFXIhDTx4IrlvgKxl5BTXR-GKSYyyt9sfw/getFile "HTTP/1.1 200 OK"
2026-05-13 00:17:51,418 [INFO] httpx: HTTP Request: GET https://api.telegram.org/file/bot7950077447%3AAAFXIhDTx4IrlvgKxl5BTXR-GKSYyyt9sfw/documents/file_0.pdf "HTTP/1.1 200 OK"
2026-05-13 00:17:53,794 [INFO] __main__: Downloaded PDF: /Users/ekanshbabbar/Documents/Agents/BOM/output/_upload_BQACAgUAAxkBAAMDagMiJhNh6WIh8NTT-du-IVlxVq0AAkkgAAIilBhUwGfXB_oJFUw7BA.pdf (1187001 bytes)
2026-05-13 00:17:54,447 [INFO] httpx: HTTP Request: POST https://api.telegram.org/bot7950077447:AAFXIhDTx4IrlvgKxl5BTXR-GKSYyyt9sfw/editMessageText "HTTP/1.1 200 OK"
2026-05-13 00:17:55,278 [INFO] httpx: HTTP Request: POST https://api.telegram.org/bot7950077447:AAFXIhDTx4IrlvgKxl5BTXR-GKSYyyt9sfw/editMessageText "HTTP/1.1 200 OK"
2026-05-13 00:18:08,144 [INFO] httpx: HTTP Request: POST https://api.telegram.org/bot7950077447:AAFXIhDTx4IrlvgKxl5BTXR-GKSYyyt9sfw/getUpdates "HTTP/1.1 409 Conflict"
2026-05-13 00:18:08,149 [ERROR] telegram.ext.Application: No error handlers are registered, logging exception.
Traceback (most recent call last):
  File "/Users/ekanshbabbar/Documents/Agents/BOM/venv/lib/python3.12/site-packages/telegram/ext/_utils/networkloop.py", line 161, in network_retry_loop
    await do_action()
  File "/Users/ekanshbabbar/Documents/Agents/BOM/venv/lib/python3.12/site-packages/telegram/ext/_utils/networkloop.py", line 154, in do_action
    action_cb_task.result()
  File "/Users/ekanshbabbar/Documents/Agents/BOM/venv/lib/python3.12/site-packages/telegram/ext/_updater.py", line 340, in polling_action_cb
    updates = await self.bot.get_updates(
              ^^^^^^^^^^^^^^^^^^^^^^^^^^^
  File "/Users/ekanshbabbar/Documents/Agents/BOM/venv/lib/python3.12/site-packages/telegram/ext/_extbot.py", line 672, in get_updates
    updates = await super().get_updates(
              ^^^^^^^^^^^^^^^^^^^^^^^^^^
  File "/Users/ekanshbabbar/Documents/Agents/BOM/venv/lib/python3.12/site-packages/telegram/_bot.py", line 4865, in get_updates
    await self._post(
  File "/Users/ekanshbabbar/Documents/Agents/BOM/venv/lib/python3.12/site-packages/telegram/_bot.py", line 704, in _post
    return await self._do_post(
           ^^^^^^^^^^^^^^^^^^^^
  File "/Users/ekanshbabbar/Documents/Agents/BOM/venv/lib/python3.12/site-packages/telegram/ext/_extbot.py", line 370, in _do_post
    return await super()._do_post(
           ^^^^^^^^^^^^^^^^^^^^^^^
  File "/Users/ekanshbabbar/Documents/Agents/BOM/venv/lib/python3.12/site-packages/telegram/_bot.py", line 733, in _do_post
    result = await request.post(
             ^^^^^^^^^^^^^^^^^^^
  File "/Users/ekanshbabbar/Documents/Agents/BOM/venv/lib/python3.12/site-packages/telegram/request/_baserequest.py", line 198, in post
    result = await self._request_wrapper(
             ^^^^^^^^^^^^^^^^^^^^^^^^^^^^
  File "/Users/ekanshbabbar/Documents/Agents/BOM/venv/lib/python3.12/site-packages/telegram/request/_baserequest.py", line 375, in _request_wrapper
    raise exception
telegram.error.Conflict: Conflict: terminated by other getUpdates request; make sure that only one bot instance is running
2026-05-13 00:18:14,578 [INFO] httpx: HTTP Request: POST https://api.telegram.org/bot7950077447:AAFXIhDTx4IrlvgKxl5BTXR-GKSYyyt9sfw/getUpdates "HTTP/1.1 409 Conflict"
2026-05-13 00:18:14,580 [ERROR] telegram.ext.Application: No error handlers are registered, logging exception.
Traceback (most recent call last):
  File "/Users/ekanshbabbar/Documents/Agents/BOM/venv/lib/python3.12/site-packages/telegram/ext/_utils/networkloop.py", line 161, in network_retry_loop
    await do_action()
  File "/Users/ekanshbabbar/Documents/Agents/BOM/venv/lib/python3.12/site-packages/telegram/ext/_utils/networkloop.py", line 154, in do_action
    action_cb_task.result()
  File "/Users/ekanshbabbar/Documents/Agents/BOM/venv/lib/python3.12/site-packages/telegram/ext/_updater.py", line 340, in polling_action_cb
    updates = await self.bot.get_updates(
              ^^^^^^^^^^^^^^^^^^^^^^^^^^^
  File "/Users/ekanshbabbar/Documents/Agents/BOM/venv/lib/python3.12/site-packages/telegram/ext/_extbot.py", line 672, in get_updates
    updates = await super().get_updates(
              ^^^^^^^^^^^^^^^^^^^^^^^^^^
  File "/Users/ekanshbabbar/Documents/Agents/BOM/venv/lib/python3.12/site-packages/telegram/_bot.py", line 4865, in get_updates
    await self._post(
  File "/Users/ekanshbabbar/Documents/Agents/BOM/venv/lib/python3.12/site-packages/telegram/_bot.py", line 704, in _post
    return await self._do_post(
           ^^^^^^^^^^^^^^^^^^^^
  File "/Users/ekanshbabbar/Documents/Agents/BOM/venv/lib/python3.12/site-packages/telegram/ext/_extbot.py", line 370, in _do_post
    return await super()._do_post(
           ^^^^^^^^^^^^^^^^^^^^^^^
  File "/Users/ekanshbabbar/Documents/Agents/BOM/venv/lib/python3.12/site-packages/telegram/_bot.py", line 733, in _do_post
    result = await request.post(
             ^^^^^^^^^^^^^^^^^^^
  File "/Users/ekanshbabbar/Documents/Agents/BOM/venv/lib/python3.12/site-packages/telegram/request/_baserequest.py", line 198, in post
    result = await self._request_wrapper(
             ^^^^^^^^^^^^^^^^^^^^^^^^^^^^
  File "/Users/ekanshbabbar/Documents/Agents/BOM/venv/lib/python3.12/site-packages/telegram/request/_baserequest.py", line 375, in _request_wrapper
    raise exception
telegram.error.Conflict: Conflict: terminated by other getUpdates request; make sure that only one bot instance is running
2026-05-13 00:18:22,298 [INFO] httpx: HTTP Request: POST https://api.telegram.org/bot7950077447:AAFXIhDTx4IrlvgKxl5BTXR-GKSYyyt9sfw/getUpdates "HTTP/1.1 409 Conflict"
2026-05-13 00:18:22,299 [ERROR] telegram.ext.Application: No error handlers are registered, logging exception.
Traceback (most recent call last):
  File "/Users/ekanshbabbar/Documents/Agents/BOM/venv/lib/python3.12/site-packages/telegram/ext/_utils/networkloop.py", line 161, in network_retry_loop
    await do_action()
  File "/Users/ekanshbabbar/Documents/Agents/BOM/venv/lib/python3.12/site-packages/telegram/ext/_utils/networkloop.py", line 154, in do_action
    action_cb_task.result()
  File "/Users/ekanshbabbar/Documents/Agents/BOM/venv/lib/python3.12/site-packages/telegram/ext/_updater.py", line 340, in polling_action_cb
    updates = await self.bot.get_updates(
              ^^^^^^^^^^^^^^^^^^^^^^^^^^^
  File "/Users/ekanshbabbar/Documents/Agents/BOM/venv/lib/python3.12/site-packages/telegram/ext/_extbot.py", line 672, in get_updates
    updates = await super().get_updates(
              ^^^^^^^^^^^^^^^^^^^^^^^^^^
  File "/Users/ekanshbabbar/Documents/Agents/BOM/venv/lib/python3.12/site-packages/telegram/_bot.py", line 4865, in get_updates
    await self._post(
  File "/Users/ekanshbabbar/Documents/Agents/BOM/venv/lib/python3.12/site-packages/telegram/_bot.py", line 704, in _post
    return await self._do_post(
           ^^^^^^^^^^^^^^^^^^^^
  File "/Users/ekanshbabbar/Documents/Agents/BOM/venv/lib/python3.12/site-packages/telegram/ext/_extbot.py", line 370, in _do_post
    return await super()._do_post(
           ^^^^^^^^^^^^^^^^^^^^^^^
  File "/Users/ekanshbabbar/Documents/Agents/BOM/venv/lib/python3.12/site-packages/telegram/_bot.py", line 733, in _do_post
    result = await request.post(
             ^^^^^^^^^^^^^^^^^^^
  File "/Users/ekanshbabbar/Documents/Agents/BOM/venv/lib/python3.12/site-packages/telegram/request/_baserequest.py", line 198, in post
    result = await self._request_wrapper(
             ^^^^^^^^^^^^^^^^^^^^^^^^^^^^
  File "/Users/ekanshbabbar/Documents/Agents/BOM/venv/lib/python3.12/site-packages/telegram/request/_baserequest.py", line 375, in _request_wrapper
    raise exception
telegram.error.Conflict: Conflict: terminated by other getUpdates request; make sure that only one bot instance is running
2026-05-13 00:18:28,820 [INFO] httpx: HTTP Request: POST https://api.telegram.org/bot7950077447:AAFXIhDTx4IrlvgKxl5BTXR-GKSYyyt9sfw/getUpdates "HTTP/1.1 409 Conflict"
2026-05-13 00:18:28,823 [ERROR] telegram.ext.Application: No error handlers are registered, logging exception.
Traceback (most recent call last):
  File "/Users/ekanshbabbar/Documents/Agents/BOM/venv/lib/python3.12/site-packages/telegram/ext/_utils/networkloop.py", line 161, in network_retry_loop
    await do_action()
  File "/Users/ekanshbabbar/Documents/Agents/BOM/venv/lib/python3.12/site-packages/telegram/ext/_utils/networkloop.py", line 154, in do_action
    action_cb_task.result()
  File "/Users/ekanshbabbar/Documents/Agents/BOM/venv/lib/python3.12/site-packages/telegram/ext/_updater.py", line 340, in polling_action_cb
    updates = await self.bot.get_updates(
              ^^^^^^^^^^^^^^^^^^^^^^^^^^^
  File "/Users/ekanshbabbar/Documents/Agents/BOM/venv/lib/python3.12/site-packages/telegram/ext/_extbot.py", line 672, in get_updates
    updates = await super().get_updates(
              ^^^^^^^^^^^^^^^^^^^^^^^^^^
  File "/Users/ekanshbabbar/Documents/Agents/BOM/venv/lib/python3.12/site-packages/telegram/_bot.py", line 4865, in get_updates
    await self._post(
  File "/Users/ekanshbabbar/Documents/Agents/BOM/venv/lib/python3.12/site-packages/telegram/_bot.py", line 704, in _post
    return await self._do_post(
           ^^^^^^^^^^^^^^^^^^^^
  File "/Users/ekanshbabbar/Documents/Agents/BOM/venv/lib/python3.12/site-packages/telegram/ext/_extbot.py", line 370, in _do_post
    return await super()._do_post(
           ^^^^^^^^^^^^^^^^^^^^^^^
  File "/Users/ekanshbabbar/Documents/Agents/BOM/venv/lib/python3.12/site-packages/telegram/_bot.py", line 733, in _do_post
    result = await request.post(
             ^^^^^^^^^^^^^^^^^^^
  File "/Users/ekanshbabbar/Documents/Agents/BOM/venv/lib/python3.12/site-packages/telegram/request/_baserequest.py", line 198, in post
    result = await self._request_wrapper(
             ^^^^^^^^^^^^^^^^^^^^^^^^^^^^
  File "/Users/ekanshbabbar/Documents/Agents/BOM/venv/lib/python3.12/site-packages/telegram/request/_baserequest.py", line 375, in _request_wrapper
    raise exception
telegram.error.Conflict: Conflict: terminated by other getUpdates request; make sure that only one bot instance is running
2026-05-13 00:18:39,143 [INFO] httpx: HTTP Request: POST https://api.telegram.org/bot7950077447:AAFXIhDTx4IrlvgKxl5BTXR-GKSYyyt9sfw/getUpdates "HTTP/1.1 409 Conflict"
2026-05-13 00:18:39,145 [ERROR] telegram.ext.Application: No error handlers are registered, logging exception.
Traceback (most recent call last):
  File "/Users/ekanshbabbar/Documents/Agents/BOM/venv/lib/python3.12/site-packages/telegram/ext/_utils/networkloop.py", line 161, in network_retry_loop
    await do_action()
  File "/Users/ekanshbabbar/Documents/Agents/BOM/venv/lib/python3.12/site-packages/telegram/ext/_utils/networkloop.py", line 154, in do_action
    action_cb_task.result()
  File "/Users/ekanshbabbar/Documents/Agents/BOM/venv/lib/python3.12/site-packages/telegram/ext/_updater.py", line 340, in polling_action_cb
    updates = await self.bot.get_updates(
              ^^^^^^^^^^^^^^^^^^^^^^^^^^^
  File "/Users/ekanshbabbar/Documents/Agents/BOM/venv/lib/python3.12/site-packages/telegram/ext/_extbot.py", line 672, in get_updates
    updates = await super().get_updates(
              ^^^^^^^^^^^^^^^^^^^^^^^^^^
  File "/Users/ekanshbabbar/Documents/Agents/BOM/venv/lib/python3.12/site-packages/telegram/_bot.py", line 4865, in get_updates
    await self._post(
  File "/Users/ekanshbabbar/Documents/Agents/BOM/venv/lib/python3.12/site-packages/telegram/_bot.py", line 704, in _post
    return await self._do_post(
           ^^^^^^^^^^^^^^^^^^^^
  File "/Users/ekanshbabbar/Documents/Agents/BOM/venv/lib/python3.12/site-packages/telegram/ext/_extbot.py", line 370, in _do_post
    return await super()._do_post(
           ^^^^^^^^^^^^^^^^^^^^^^^
  File "/Users/ekanshbabbar/Documents/Agents/BOM/venv/lib/python3.12/site-packages/telegram/_bot.py", line 733, in _do_post
    result = await request.post(
             ^^^^^^^^^^^^^^^^^^^
  File "/Users/ekanshbabbar/Documents/Agents/BOM/venv/lib/python3.12/site-packages/telegram/request/_baserequest.py", line 198, in post
    result = await self._request_wrapper(
             ^^^^^^^^^^^^^^^^^^^^^^^^^^^^
  File "/Users/ekanshbabbar/Documents/Agents/BOM/venv/lib/python3.12/site-packages/telegram/request/_baserequest.py", line 375, in _request_wrapper
    raise exception
telegram.error.Conflict: Conflict: terminated by other getUpdates request; make sure that only one bot instance is running
2026-05-13 00:18:47,459 [INFO] httpx: HTTP Request: POST https://api.telegram.org/bot7950077447:AAFXIhDTx4IrlvgKxl5BTXR-GKSYyyt9sfw/getUpdates "HTTP/1.1 409 Conflict"
2026-05-13 00:18:47,461 [ERROR] telegram.ext.Application: No error handlers are registered, logging exception.
Traceback (most recent call last):
  File "/Users/ekanshbabbar/Documents/Agents/BOM/venv/lib/python3.12/site-packages/telegram/ext/_utils/networkloop.py", line 161, in network_retry_loop
    await do_action()
  File "/Users/ekanshbabbar/Documents/Agents/BOM/venv/lib/python3.12/site-packages/telegram/ext/_utils/networkloop.py", line 154, in do_action
    action_cb_task.result()
  File "/Users/ekanshbabbar/Documents/Agents/BOM/venv/lib/python3.12/site-packages/telegram/ext/_updater.py", line 340, in polling_action_cb
    updates = await self.bot.get_updates(
              ^^^^^^^^^^^^^^^^^^^^^^^^^^^
  File "/Users/ekanshbabbar/Documents/Agents/BOM/venv/lib/python3.12/site-packages/telegram/ext/_extbot.py", line 672, in get_updates
    updates = await super().get_updates(
              ^^^^^^^^^^^^^^^^^^^^^^^^^^
  File "/Users/ekanshbabbar/Documents/Agents/BOM/venv/lib/python3.12/site-packages/telegram/_bot.py", line 4865, in get_updates
    await self._post(
  File "/Users/ekanshbabbar/Documents/Agents/BOM/venv/lib/python3.12/site-packages/telegram/_bot.py", line 704, in _post
    return await self._do_post(
           ^^^^^^^^^^^^^^^^^^^^
  File "/Users/ekanshbabbar/Documents/Agents/BOM/venv/lib/python3.12/site-packages/telegram/ext/_extbot.py", line 370, in _do_post
    return await super()._do_post(
           ^^^^^^^^^^^^^^^^^^^^^^^
  File "/Users/ekanshbabbar/Documents/Agents/BOM/venv/lib/python3.12/site-packages/telegram/_bot.py", line 733, in _do_post
    result = await request.post(
             ^^^^^^^^^^^^^^^^^^^
  File "/Users/ekanshbabbar/Documents/Agents/BOM/venv/lib/python3.12/site-packages/telegram/request/_baserequest.py", line 198, in post
    result = await self._request_wrapper(
             ^^^^^^^^^^^^^^^^^^^^^^^^^^^^
  File "/Users/ekanshbabbar/Documents/Agents/BOM/venv/lib/python3.12/site-packages/telegram/request/_baserequest.py", line 375, in _request_wrapper
    raise exception
telegram.error.Conflict: Conflict: terminated by other getUpdates request; make sure that only one bot instance is running
2026-05-13 00:19:06,478 [INFO] httpx: HTTP Request: POST https://api.telegram.org/bot7950077447:AAFXIhDTx4IrlvgKxl5BTXR-GKSYyyt9sfw/getUpdates "HTTP/1.1 200 OK"
2026-05-13 00:19:15,476 [INFO] httpx: HTTP Request: POST https://api.telegram.org/bot7950077447:AAFXIhDTx4IrlvgKxl5BTXR-GKSYyyt9sfw/getUpdates "HTTP/1.1 200 OK"
2026-05-13 00:19:15,479 [INFO] telegram.ext.Application: Application is stopping. This might take a moment.
2026-05-13 00:19:15,479 [INFO] telegram.ext.Application: Application.stop() complete
Bot starting. Allowed IDs: ALL (no whitelist)
[BOM Agent] Parsing GTP: /Users/ekanshbabbar/Documents/Agents/BOM/output/_upload_BQACAgUAAxkBAAMDagMiJhNh6WIh8NTT-du-IVlxVq0AAkkgAAIilBhUwGfXB_oJFUw7BA.pdf
[BOM Agent] GTP: 211125 A | Cables: 1
[BOM Agent] Loaded 15 RM prices (Excel+JSON merged)
  → [1] 2C x 1.5 SQMM 2C x 1.5 SQMM
     margin=40.0% | family=FIRE_SURVIVAL | copper 1.5mm² 2.0C
     drum=pct_2.5% → ₹1496/km
[BOM Agent] Done. 1 new, 0 skipped. JSON: /Users/ekanshbabbar/Documents/Agents/BOM/output/bom_211125 A_20260512_1847.json
